[0m[[0m[0mdebug[0m] [0m[0m> Exec(;Test/compile; collectAnalyses, None, Some(CommandSource(network-1)))[0m
[0m[[0m[0mdebug[0m] [0m[0munmatched Processing event for requestId None: None[0m
[0m[[0m[0mdebug[0m] [0m[0munmatched Done event for requestId None: None[0m
[0m[[0m[0mdebug[0m] [0m[0m> Exec(Test/compile, None, Some(CommandSource(network-1)))[0m
[0m[[0m[0mdebug[0m] [0m[0munmatched Processing event for requestId None: None[0m
[0m[[0m[0mdebug[0m] [0m[0mEvaluating tasks: server / Test / compile, client / Test / compile, Test / compile[0m
[0m[[0m[0mdebug[0m] [0m[0mRunning task... Cancel: bloop.integrations.sbt.Offloader$$anon$1@65d3e2ba, check cycles: false, forcegc: true[0m
[0m[[0m[0mdebug[0m] [0m[0mjsonRpcNotify: JsonRpcNotificationMessage(2.0, build/taskStart, {"taskId":{"id":"36","parents":[]},"eventTime":1633257361210,"message":"Compiling server","dataKind":"compile-task","data":{"target":{"uri":"file:/Users/bunyod.bobojonov/Workspace/stevedore/#server/Compile"}}})[0m
[0m[[0m[0mdebug[0m] [0m[0mjsonRpcNotify: JsonRpcNotificationMessage(2.0, build/taskStart, {"taskId":{"id":"37","parents":[]},"eventTime":1633257361212,"message":"Compiling client","dataKind":"compile-task","data":{"target":{"uri":"file:/Users/bunyod.bobojonov/Workspace/stevedore/#client/Compile"}}})[0m
[0m[[0m[0mdebug[0m] [0m[0mjsonRpcNotify: JsonRpcNotificationMessage(2.0, build/taskStart, {"taskId":{"id":"38","parents":[]},"eventTime":1633257361212,"message":"Compiling root","dataKind":"compile-task","data":{"target":{"uri":"file:/Users/bunyod.bobojonov/Workspace/stevedore/#root/Compile"}}})[0m
[0m[[0m[0mdebug[0m] [0m[0mjsonRpcNotify: JsonRpcNotificationMessage(2.0, build/publishDiagnostics, {"textDocument":{"uri":"file:///Users/bunyod.bobojonov/Workspace/stevedore/server/src/main/scala/Main.scala"},"buildTarget":{"uri":"file:/Users/bunyod.bobojonov/Workspace/stevedore/#server/Compile"},"diagnostics":[],"reset":true})[0m
[0m[[0m[0mdebug[0m] [0m[0mjsonRpcNotify: JsonRpcNotificationMessage(2.0, build/taskFinish, {"taskId":{"id":"36","parents":[]},"eventTime":1633257361218,"message":"Compiled server","status":1,"dataKind":"compile-report","data":{"target":{"uri":"file:/Users/bunyod.bobojonov/Workspace/stevedore/#server/Compile"},"errors":0,"warnings":0,"time":8}})[0m
[0m[[0m[0mdebug[0m] [0m[0mjsonRpcNotify: JsonRpcNotificationMessage(2.0, build/publishDiagnostics, {"textDocument":{"uri":"file:///Users/bunyod.bobojonov/Workspace/stevedore/client/src/main/scala/Main.scala"},"buildTarget":{"uri":"file:/Users/bunyod.bobojonov/Workspace/stevedore/#client/Compile"},"diagnostics":[],"reset":true})[0m
[0m[[0m[0mdebug[0m] [0m[0mjsonRpcNotify: JsonRpcNotificationMessage(2.0, build/taskFinish, {"taskId":{"id":"38","parents":[]},"eventTime":1633257361218,"message":"Compiled root","status":1,"dataKind":"compile-report","data":{"target":{"uri":"file:/Users/bunyod.bobojonov/Workspace/stevedore/#root/Compile"},"errors":0,"warnings":0,"time":6}})[0m
[0m[[0m[0mdebug[0m] [0m[0mjsonRpcNotify: JsonRpcNotificationMessage(2.0, build/taskFinish, {"taskId":{"id":"37","parents":[]},"eventTime":1633257361219,"message":"Compiled client","status":1,"dataKind":"compile-report","data":{"target":{"uri":"file:/Users/bunyod.bobojonov/Workspace/stevedore/#client/Compile"},"errors":0,"warnings":0,"time":7}})[0m
[0m[[0m[0mdebug[0m] [0m[0mjsonRpcNotify: JsonRpcNotificationMessage(2.0, build/taskStart, {"taskId":{"id":"39","parents":[]},"eventTime":1633257361222,"message":"Compiling server-test","dataKind":"compile-task","data":{"target":{"uri":"file:/Users/bunyod.bobojonov/Workspace/stevedore/#server/Test"}}})[0m
[0m[[0m[0mdebug[0m] [0m[0mjsonRpcNotify: JsonRpcNotificationMessage(2.0, build/taskStart, {"taskId":{"id":"40","parents":[]},"eventTime":1633257361223,"message":"Compiling root-test","dataKind":"compile-task","data":{"target":{"uri":"file:/Users/bunyod.bobojonov/Workspace/stevedore/#root/Test"}}})[0m
[0m[[0m[0mdebug[0m] [0m[0mjsonRpcNotify: JsonRpcNotificationMessage(2.0, build/taskStart, {"taskId":{"id":"41","parents":[]},"eventTime":1633257361223,"message":"Compiling client-test","dataKind":"compile-task","data":{"target":{"uri":"file:/Users/bunyod.bobojonov/Workspace/stevedore/#client/Test"}}})[0m
[0m[[0m[0mdebug[0m] [0m[0mjsonRpcNotify: JsonRpcNotificationMessage(2.0, build/taskFinish, {"taskId":{"id":"41","parents":[]},"eventTime":1633257361230,"message":"Compiled client-test","status":1,"dataKind":"compile-report","data":{"target":{"uri":"file:/Users/bunyod.bobojonov/Workspace/stevedore/#client/Test"},"errors":0,"warnings":0,"time":7}})[0m
[0m[[0m[0mdebug[0m] [0m[0mjsonRpcNotify: JsonRpcNotificationMessage(2.0, build/taskFinish, {"taskId":{"id":"39","parents":[]},"eventTime":1633257361230,"message":"Compiled server-test","status":1,"dataKind":"compile-report","data":{"target":{"uri":"file:/Users/bunyod.bobojonov/Workspace/stevedore/#server/Test"},"errors":0,"warnings":0,"time":8}})[0m
[0m[[0m[0mdebug[0m] [0m[0mjsonRpcNotify: JsonRpcNotificationMessage(2.0, build/taskFinish, {"taskId":{"id":"40","parents":[]},"eventTime":1633257361230,"message":"Compiled root-test","status":1,"dataKind":"compile-report","data":{"target":{"uri":"file:/Users/bunyod.bobojonov/Workspace/stevedore/#root/Test"},"errors":0,"warnings":0,"time":7}})[0m
[0m[[0m[32msuccess[0m] [0m[0mTotal time: 0 s, completed 3 Oct 2021, 12:36:01[0m
[0m[[0m[0mdebug[0m] [0m[0munmatched Done event for requestId None: None[0m
[0m[[0m[0mdebug[0m] [0m[0m> Exec(collectAnalyses, None, Some(CommandSource(network-1)))[0m
[0m[[0m[0mdebug[0m] [0m[0munmatched Processing event for requestId None: None[0m
[0m[[0m[0mdebug[0m] [0m[0mEvaluating tasks: server / Compile / collectAnalyses, client / Compile / collectAnalyses, Compile / collectAnalyses[0m
[0m[[0m[0mdebug[0m] [0m[0mRunning task... Cancel: bloop.integrations.sbt.Offloader$$anon$1@514eefc4, check cycles: false, forcegc: true[0m
[0m[[0m[0mdebug[0m] [0m[0manalysis location (/Users/bunyod.bobojonov/Workspace/stevedore/client/target/scala-3.1.0-RC2/zinc/inc_compile_3.zip,true)[0m
[0m[[0m[0mdebug[0m] [0m[0manalysis location (/Users/bunyod.bobojonov/Workspace/stevedore/target/scala-2.12/zinc/inc_compile_2.12.zip,true)[0m
[0m[[0m[0mdebug[0m] [0m[0manalysis location (/Users/bunyod.bobojonov/Workspace/stevedore/server/target/scala-3.1.0-RC2/zinc/inc_compile_3.zip,true)[0m
[0m[[0m[32msuccess[0m] [0m[0mTotal time: 0 s, completed 3 Oct 2021, 12:36:01[0m
[0m[[0m[0mdebug[0m] [0m[0munmatched Done event for requestId None: None[0m
[0m[[0m[0mdebug[0m] [0m[0m> Exec(shell, None, None)[0m
